[2018-10-31 10:32:37.561] [sharedprocess] [info] main {"machineId":"668d894f98b2f8a0060ce2f4788a2dbaed399b6ef4b5511cc16d81dd7bd85658"}
[2018-10-31 10:32:37.599] [sharedprocess] [info] Scanned user extensions: 0
[2018-10-31 10:32:37.613] [sharedprocess] [info] Scanned user extensions: 0
[2018-10-31 10:32:37.620] [sharedprocess] [info] Scanned user extensions: 0
[2018-10-31 10:32:37.623] [sharedprocess] [info] Scanned user extensions: 0
[2018-10-31 10:32:37.690] [sharedprocess] [info] Scanned system extensions: 71
[2018-10-31 10:32:37.699] [sharedprocess] [info] Scanned system extensions: 71
[2018-10-31 10:32:37.701] [sharedprocess] [info] Scanned system extensions: 71
[2018-10-31 10:32:38.624] [sharedprocess] [info] Scanned user extensions: 0
[2018-10-31 10:33:17.565] [sharedprocess] [info] Starting to clean up unused language packs.
[2018-10-31 10:37:38.634] [sharedprocess] [info] Scanned user extensions: 0
[2018-10-31 10:37:52.792] [sharedprocess] [info] Scanned user extensions: 0
[2018-10-31 10:38:15.380] [sharedprocess] [info] Installing extension: theme-dracula
[2018-10-31 10:38:15.382] [sharedprocess] [info] Scanned user extensions: 0
[2018-10-31 10:38:18.128] [sharedprocess] [info] Downloaded extension: theme-dracula /tmp/4d8c788a-7405-4f7b-a399-329ecb6d0708
[2018-10-31 10:38:18.146] [sharedprocess] [info] Extracted extension to /root/.vscode/extensions/.dracula-theme.theme-dracula-2.14.1: dracula-theme.theme-dracula-2.14.1
[2018-10-31 10:38:18.146] [sharedprocess] [info] Renamed to /root/.vscode/extensions/dracula-theme.theme-dracula-2.14.1
[2018-10-31 10:38:18.146] [sharedprocess] [info] Installation completed. dracula-theme.theme-dracula-2.14.1
[2018-10-31 10:38:18.181] [sharedprocess] [info] Extensions installed successfully: dracula-theme.theme-dracula
[2018-10-31 10:38:18.299] [sharedprocess] [info] Scanned user extensions: 1
[2018-10-31 10:38:18.323] [sharedprocess] [info] Scanned system extensions: 71
[2018-10-31 10:38:23.165] [sharedprocess] [info] Scanned user extensions: 1
[2018-10-31 10:38:23.166] [sharedprocess] [info] Scanned user extensions: 1
[2018-10-31 10:38:23.168] [sharedprocess] [info] Scanned user extensions: 1
[2018-10-31 10:38:23.179] [sharedprocess] [info] Scanned user extensions: 1
[2018-10-31 10:38:23.180] [sharedprocess] [info] Scanned user extensions: 1
[2018-10-31 10:38:23.192] [sharedprocess] [info] Scanned user extensions: 1
[2018-10-31 10:38:23.301] [sharedprocess] [info] Scanned system extensions: 71
[2018-10-31 10:38:23.304] [sharedprocess] [info] Scanned system extensions: 71
[2018-10-31 10:38:23.310] [sharedprocess] [info] Scanned system extensions: 71
[2018-10-31 10:38:23.313] [sharedprocess] [info] Scanned system extensions: 71
[2018-10-31 10:38:23.730] [sharedprocess] [info] Scanned user extensions: 1
[2018-10-31 10:43:23.757] [sharedprocess] [info] Scanned user extensions: 1
[2018-10-31 10:48:23.769] [sharedprocess] [info] Scanned user extensions: 1
[2018-10-31 10:53:23.779] [sharedprocess] [info] Scanned user extensions: 1
[2018-10-31 10:58:23.788] [sharedprocess] [info] Scanned user extensions: 1
[2018-10-31 11:03:23.797] [sharedprocess] [info] Scanned user extensions: 1
[2018-10-31 11:08:23.803] [sharedprocess] [info] Scanned user extensions: 1
[2018-10-31 11:13:25.941] [sharedprocess] [info] Scanned user extensions: 1
[2018-10-31 11:18:25.950] [sharedprocess] [info] Scanned user extensions: 1
[2018-10-31 11:23:25.958] [sharedprocess] [info] Scanned user extensions: 1
[2018-10-31 11:28:26.547] [sharedprocess] [info] Scanned user extensions: 1
[2018-10-31 11:33:33.124] [sharedprocess] [info] Scanned user extensions: 1
[2018-10-31 11:38:33.133] [sharedprocess] [info] Scanned user extensions: 1
[2018-10-31 11:43:33.142] [sharedprocess] [info] Scanned user extensions: 1
[2018-10-31 11:48:33.152] [sharedprocess] [info] Scanned user extensions: 1
[2018-10-31 11:53:33.163] [sharedprocess] [info] Scanned user extensions: 1
[2018-10-31 11:58:33.168] [sharedprocess] [info] Scanned user extensions: 1
[2018-10-31 12:03:33.176] [sharedprocess] [info] Scanned user extensions: 1
[2018-10-31 12:08:33.183] [sharedprocess] [info] Scanned user extensions: 1
[2018-10-31 12:13:33.193] [sharedprocess] [info] Scanned user extensions: 1
[2018-10-31 12:18:33.198] [sharedprocess] [info] Scanned user extensions: 1
[2018-10-31 12:23:33.203] [sharedprocess] [info] Scanned user extensions: 1
[2018-10-31 12:28:33.212] [sharedprocess] [info] Scanned user extensions: 1
[2018-10-31 12:33:37.801] [sharedprocess] [info] Scanned user extensions: 1
[2018-10-31 12:38:37.812] [sharedprocess] [info] Scanned user extensions: 1
[2018-10-31 12:43:37.821] [sharedprocess] [info] Scanned user extensions: 1
[2018-10-31 12:48:37.827] [sharedprocess] [info] Scanned user extensions: 1
[2018-10-31 12:53:37.835] [sharedprocess] [info] Scanned user extensions: 1
[2018-10-31 12:58:37.844] [sharedprocess] [info] Scanned user extensions: 1
[2018-10-31 13:03:37.859] [sharedprocess] [info] Scanned user extensions: 1
[2018-10-31 13:08:37.869] [sharedprocess] [info] Scanned user extensions: 1
[2018-10-31 13:13:37.876] [sharedprocess] [info] Scanned user extensions: 1
[2018-10-31 13:18:37.881] [sharedprocess] [info] Scanned user extensions: 1
[2018-10-31 13:23:37.886] [sharedprocess] [info] Scanned user extensions: 1
[2018-10-31 13:28:37.892] [sharedprocess] [info] Scanned user extensions: 1
[2018-10-31 13:33:39.283] [sharedprocess] [info] Scanned user extensions: 1
[2018-10-31 14:25:05.170] [sharedprocess] [info] Scanned user extensions: 1
[2018-10-31 14:30:05.180] [sharedprocess] [info] Scanned user extensions: 1
[2018-10-31 14:35:07.953] [sharedprocess] [info] Scanned user extensions: 1
[2018-10-31 14:40:07.970] [sharedprocess] [info] Scanned user extensions: 1
[2018-10-31 14:45:07.982] [sharedprocess] [info] Scanned user extensions: 1
[2018-10-31 14:50:07.992] [sharedprocess] [info] Scanned user extensions: 1
[2018-10-31 14:55:08.002] [sharedprocess] [info] Scanned user extensions: 1
[2018-10-31 15:00:08.012] [sharedprocess] [info] Scanned user extensions: 1
[2018-10-31 15:05:08.021] [sharedprocess] [info] Scanned user extensions: 1
[2018-10-31 15:10:08.030] [sharedprocess] [info] Scanned user extensions: 1
[2018-10-31 15:15:08.039] [sharedprocess] [info] Scanned user extensions: 1
[2018-10-31 15:20:08.179] [sharedprocess] [info] Scanned user extensions: 1
[2018-10-31 15:25:08.203] [sharedprocess] [info] Scanned user extensions: 1
[2018-10-31 15:30:08.210] [sharedprocess] [info] Scanned user extensions: 1
[2018-10-31 15:35:09.794] [sharedprocess] [info] Scanned user extensions: 1
[2018-10-31 15:40:09.803] [sharedprocess] [info] Scanned user extensions: 1
[2018-10-31 15:45:09.810] [sharedprocess] [info] Scanned user extensions: 1
[2018-10-31 15:50:09.819] [sharedprocess] [info] Scanned user extensions: 1
[2018-10-31 15:55:09.825] [sharedprocess] [info] Scanned user extensions: 1
[2018-10-31 16:00:09.834] [sharedprocess] [info] Scanned user extensions: 1
[2018-10-31 16:05:09.842] [sharedprocess] [info] Scanned user extensions: 1
[2018-10-31 16:10:09.850] [sharedprocess] [info] Scanned user extensions: 1
[2018-10-31 16:15:09.859] [sharedprocess] [info] Scanned user extensions: 1
[2018-10-31 16:20:09.870] [sharedprocess] [info] Scanned user extensions: 1
[2018-10-31 16:25:09.881] [sharedprocess] [info] Scanned user extensions: 1
[2018-10-31 16:30:09.889] [sharedprocess] [info] Scanned user extensions: 1
[2018-10-31 16:35:13.371] [sharedprocess] [info] Scanned user extensions: 1
[2018-10-31 16:40:13.381] [sharedprocess] [info] Scanned user extensions: 1
[2018-10-31 16:45:13.391] [sharedprocess] [info] Scanned user extensions: 1
[2018-10-31 16:50:13.401] [sharedprocess] [info] Scanned user extensions: 1
[2018-10-31 16:55:13.410] [sharedprocess] [info] Scanned user extensions: 1
[2018-10-31 17:00:13.422] [sharedprocess] [info] Scanned user extensions: 1
[2018-10-31 17:05:13.434] [sharedprocess] [info] Scanned user extensions: 1
[2018-10-31 17:10:13.443] [sharedprocess] [info] Scanned user extensions: 1
[2018-10-31 17:15:13.450] [sharedprocess] [info] Scanned user extensions: 1
[2018-10-31 17:20:13.461] [sharedprocess] [info] Scanned user extensions: 1
[2018-10-31 17:25:13.470] [sharedprocess] [info] Scanned user extensions: 1
[2018-10-31 17:30:13.479] [sharedprocess] [info] Scanned user extensions: 1
[2018-10-31 17:35:20.218] [sharedprocess] [info] Scanned user extensions: 1
[2018-10-31 17:40:20.229] [sharedprocess] [info] Scanned user extensions: 1
[2018-10-31 17:45:20.237] [sharedprocess] [info] Scanned user extensions: 1
[2018-10-31 17:50:20.249] [sharedprocess] [info] Scanned user extensions: 1
[2018-10-31 17:55:20.259] [sharedprocess] [info] Scanned user extensions: 1
[2018-10-31 18:00:20.270] [sharedprocess] [info] Scanned user extensions: 1
[2018-10-31 18:05:20.275] [sharedprocess] [info] Scanned user extensions: 1
[2018-10-31 18:10:20.285] [sharedprocess] [info] Scanned user extensions: 1
[2018-10-31 18:15:20.292] [sharedprocess] [info] Scanned user extensions: 1
[2018-10-31 18:20:20.297] [sharedprocess] [info] Scanned user extensions: 1
[2018-10-31 18:25:20.324] [sharedprocess] [info] Scanned user extensions: 1
[2018-10-31 18:30:20.334] [sharedprocess] [info] Scanned user extensions: 1
[2018-10-31 18:35:22.404] [sharedprocess] [info] Scanned user extensions: 1
[2018-10-31 18:40:22.414] [sharedprocess] [info] Scanned user extensions: 1
[2018-10-31 18:45:22.420] [sharedprocess] [info] Scanned user extensions: 1
[2018-10-31 18:50:22.430] [sharedprocess] [info] Scanned user extensions: 1
[2018-10-31 18:55:22.438] [sharedprocess] [info] Scanned user extensions: 1
[2018-10-31 19:00:22.449] [sharedprocess] [info] Scanned user extensions: 1
[2018-10-31 19:05:22.458] [sharedprocess] [info] Scanned user extensions: 1
[2018-10-31 19:10:22.465] [sharedprocess] [info] Scanned user extensions: 1
[2018-10-31 19:15:22.472] [sharedprocess] [info] Scanned user extensions: 1
[2018-10-31 19:20:22.481] [sharedprocess] [info] Scanned user extensions: 1
[2018-10-31 19:25:22.533] [sharedprocess] [info] Scanned user extensions: 1
[2018-10-31 19:30:22.559] [sharedprocess] [info] Scanned user extensions: 1
[2018-10-31 19:35:23.875] [sharedprocess] [info] Scanned user extensions: 1
[2018-10-31 19:40:23.886] [sharedprocess] [info] Scanned user extensions: 1
[2018-10-31 19:45:23.894] [sharedprocess] [info] Scanned user extensions: 1
[2018-10-31 19:50:23.903] [sharedprocess] [info] Scanned user extensions: 1
[2018-10-31 19:55:24.000] [sharedprocess] [info] Scanned user extensions: 1
[2018-10-31 20:00:24.012] [sharedprocess] [info] Scanned user extensions: 1
[2018-10-31 20:05:24.020] [sharedprocess] [info] Scanned user extensions: 1
[2018-10-31 20:10:24.027] [sharedprocess] [info] Scanned user extensions: 1
[2018-10-31 20:15:24.037] [sharedprocess] [info] Scanned user extensions: 1
[2018-10-31 20:20:24.046] [sharedprocess] [info] Scanned user extensions: 1
[2018-10-31 20:25:42.155] [sharedprocess] [info] Scanned user extensions: 1
[2018-10-31 20:30:54.520] [sharedprocess] [info] Scanned user extensions: 1
[2018-10-31 20:35:55.368] [sharedprocess] [info] Scanned user extensions: 1
[2018-10-31 20:40:55.398] [sharedprocess] [info] Scanned user extensions: 1
